Make.exe all -f C:\Users\Paul\Desktop\42kl\Cursus\Libft --print-data-base --no-builtin-variables --no-builtin-rules --question
# GNU Make 3.81
# Copyright (C) 2006  Free Software Foundation, Inc.
# This is free software; see the source for copying conditions.
# There is NO warranty; not even for MERCHANTABILITY or FITNESS FOR A
# PARTICULAR PURPOSE.

# This program built for i386-pc-mingw32
 
Make.exe: C:\Users\Paul\Desktop\42kl\Cursus\Libft: No such file or directory
Make.exe: *** No rule to make target `C:\Users\Paul\Desktop\42kl\Cursus\Libft'.  Stop.


# Make data base, printed on Tue Aug 23 09:38:29 2022

# Variables

# automatic
<D = $(patsubst %/,%,$(dir $<))
# automatic
?F = $(notdir $?)
# makefile
MAKEFLAGS = Rrp
# automatic
?D = $(patsubst %/,%,$(dir $?))
# automatic
@D = $(patsubst %/,%,$(dir $@))
# environment
HOMEDRIVE = C:
# automatic
@F = $(notdir $@)
# automatic
^D = $(patsubst %/,%,$(dir $^))
# makefile
CURDIR := c:/Users/Paul/Desktop/ft_printf
# default
SHELL := sh.exe
# environment
WINDIR = C:\WINDOWS
# environment
VSCODE_NLS_CONFIG = {"locale":"en-us","availableLanguages":{},"_languagePackSupport":true}
# environment
VBOX_MSI_INSTALL_PATH = C:\Program Files\Oracle\VirtualBox\
# environment
PYCHARM COMMUNITY EDITION = C:\Program Files\JetBrains\PyCharm Community Edition 2021.1.1\bin;
# environment
ONEDRIVE = C:\Users\Paul\OneDrive
# environment
PATHEXT = .COM;.EXE;.BAT;.CMD;.VBS;.VBE;.JS;.JSE;.WSF;.WSH;.MSC;.PY;.PYW;.RB;.RBW
# makefile
MAKEFILE_LIST := 
# environment
FPS_BROWSER_USER_PROFILE_STRING = Default
# environment
TMP = C:\Users\Paul\AppData\Local\Temp
# environment
PROGRAMW6432 = C:\Program Files
# environment
PROGRAMDATA = C:\ProgramData
# environment
VSCODE_CWD = C:\Users\Paul\Desktop\ft_printf
# environment
PATH = C:\Python39\Scripts\;C:\Python39\;C:\WINDOWS\system32;C:\WINDOWS;C:\WINDOWS\System32\Wbem;C:\WINDOWS\System32\WindowsPowerShell\v1.0\;C:\WINDOWS\System32\OpenSSH\;C:\Users\Paul\Desktop\Phone Record\Platform Screen Record\platform-tools;C:\Program Files\dotnet\;C:\Program Files\nodejs\;C:\ProgramData\chocolatey\bin;C:\Program Files (x86)\Yarn\bin\;C:\msys64\mingw64\bin;C:\Ruby30-x64\bin;C:\Users\Paul\AppData\Local\Microsoft\WindowsApps;C:\Users\Paul\AppData\Local\Programs\Microsoft VS Code\bin;C:\Users\Paul\.dotnet\tools;C:\Users\Paul\AppData\Roaming\npm;C:\Program Files\JetBrains\PyCharm Community Edition 2021.1.1\bin;C:\MinGW\bin;C:\php;C:\Program Files\heroku\bin;C:\adb;C:\Program Files (x86)\GnuWin32\bin;C:\Program Files\LLVM\bin;C:\Program Files\Git\cmd;C:\Ruby30-x64\bin;C:\Users\Paul\AppData\Local\Microsoft\WindowsApps;C:\Users\Paul\AppData\Local\Programs\Microsoft VS Code\bin;C:\Users\Paul\.dotnet\tools;C:\Users\Paul\AppData\Roaming\npm;C:\Program Files\JetBrains\PyCharm Community Edition 2021.1.1\bin;;C:\MinGW\bin;C:\php;C:\Program Files\heroku\bin;C:\Program Files (x86)\GnuWin32\bin;
# environment
COMMONPROGRAMW6432 = C:\Program Files\Common Files
# environment
CHOCOLATEYLASTPATHUPDATE = 132660556772208277
# environment
PROCESSOR_ARCHITECTURE = x86
# environment
USERPROFILE = C:\Users\Paul
# environment
CHOCOLATEYINSTALL = C:\ProgramData\chocolatey
# environment
ALLUSERSPROFILE = C:\ProgramData
# environment
NUMBER_OF_PROCESSORS = 12
# environment
ELECTRON_RUN_AS_NODE = 1
# default
.FEATURES := target-specific order-only second-expansion else-if archives
# automatic
%F = $(notdir $%)
# environment
CHROME_CRASHPAD_PIPE_NAME = \\.\pipe\crashpad_5388_LFJUKNPQYKHIEEJC
# environment
COMPUTERNAME = DESKTOP-P9BJNAI
# environment
PROGRAMFILES = C:\Program Files (x86)
# environment
DRIVERDATA = C:\Windows\System32\Drivers\DriverData
# environment
ORIGINAL_XDG_CURRENT_DESKTOP = undefined
# environment
USERNAME = Paul
# environment
PUBLIC = C:\Users\Public
# environment
VSCODE_AMD_ENTRYPOINT = vs/workbench/api/node/extensionHostProcess
# environment
OANOCACHE = 1
# environment
VSCODE_CODE_CACHE_PATH = C:\Users\Paul\AppData\Roaming\Code\CachedData\e4503b30fc78200f846c62cf8091b76ff5547662
# environment
APPLICATION_INSIGHTS_NO_DIAGNOSTIC_CHANNEL = true
# environment
COMMONPROGRAMFILES = C:\Program Files (x86)\Common Files
# environment
LOGONSERVER = \\DESKTOP-P9BJNAI
# environment
VSCODE_HANDLES_UNCAUGHT_ERRORS = true
# environment
USERDOMAIN = DESKTOP-P9BJNAI
# default
MAKE = $(MAKE_COMMAND)
# default
MAKECMDGOALS := all
# default
MAKE_VERSION := 3.81
# makefile
.DEFAULT_GOAL := 
# environment
PROGRAMFILES(X86) = C:\Program Files (x86)
# automatic
%D = $(patsubst %/,%,$(dir $%))
# environment
LOCALAPPDATA = C:\Users\Paul\AppData\Local
# environment
PSMODULEPATH = C:\Program Files\WindowsPowerShell\Modules;C:\WINDOWS\system32\WindowsPowerShell\v1.0\Modules
# default
MAKE_COMMAND := Make.exe
# environment
PROCESSOR_ARCHITEW6432 = AMD64
# default
.VARIABLES := 
# automatic
*F = $(notdir $*)
# environment
PROCESSOR_IDENTIFIER = AMD64 Family 23 Model 113 Stepping 0, AuthenticAMD
# environment
OS = Windows_NT
# environment
VSCODE_IPC_HOOK = \\.\pipe\a8307b66a62581b16fba163eefed5d09-1.70.2-main-sock
# environment
HOMEPATH = \Users\Paul
# environment
COMMONPROGRAMFILES(X86) = C:\Program Files (x86)\Common Files
# environment
PROMPT = $P$G
# environment
MFLAGS = -Rrp
# automatic
*D = $(patsubst %/,%,$(dir $*))
# environment
SYSTEMROOT = C:\WINDOWS
# automatic
+D = $(patsubst %/,%,$(dir $+))
# automatic
+F = $(notdir $+)
# environment
APPDATA = C:\Users\Paul\AppData\Roaming
# environment
TEMP = C:\Users\Paul\AppData\Local\Temp
# environment
AMDRMPATH = C:\Program Files\AMD\RyzenMaster\
# environment
COMSPEC = C:\WINDOWS\system32\cmd.exe
# default
MAKEFILES := 
# automatic
<F = $(notdir $<)
# environment
LC_ALL = C
# automatic
^F = $(notdir $^)
# default
SUFFIXES := 
# environment
SYSTEMDRIVE = C:
# environment
SESSIONNAME = Console
# environment
PROCESSOR_REVISION = 7100
# environment
MAKELEVEL := 0
# environment
LANG = C
# environment
PROCESSOR_LEVEL = 23
# environment
FPS_BROWSER_APP_PROFILE_STRING = Internet Explorer
# environment
VSCODE_PID = 5388
# environment
USERDOMAIN_ROAMINGPROFILE = DESKTOP-P9BJNAI
# variable set hash-table stats:
# Load=89/1024=9%, Rehash=0, Collisions=8/104=8%

# Pattern-specific Variable Values

# No pattern-specific variable values.

# Directories

# : could not be stat'd.
# C:\Program Files\heroku\bin (key C:/Program Files/heroku/bin, mtime 1638522705): 4 files, no impossibilities.
# C:\Program Files\LLVM\bin (key C:/Program Files/LLVM/bin, mtime 1654064565): 120 files, no impossibilities.
# C:\Users\Paul\Desktop\Phone Record\Platform Screen Record\platform-tools: could not be stat'd.
# C:\WINDOWS\System32\WindowsPowerShell\v1.0\ (key C:/WINDOWS/System32/WindowsPowerShell/v1.0/, mtime 1616828610): 30 files, no impossibilities.
# C:\WINDOWS\System32\Wbem (key C:/WINDOWS/System32/Wbem, mtime 1660406003): 169 files, no impossibilities.
# . (key c:/Users/Paul/Desktop/ft_printf, mtime 1661215734): 17 files, no impossibilities.
# C:\php (key C:/php, mtime 1638515701): 39 files, no impossibilities.
# C:\Program Files\nodejs\ (key C:/Program Files/nodejs/, mtime 1621582023): 11 files, no impossibilities.
# C:\ProgramData\chocolatey\bin (key C:/ProgramData/chocolatey/bin, mtime 1621582077): 13 files, no impossibilities.
# C:\Program Files\dotnet\ (key C:/Program Files/dotnet/, mtime 1621271522): 11 files, no impossibilities.
# C:\MinGW\bin (key C:/MinGW/bin, mtime 1631410879): 144 files, no impossibilities.
# C:\Users\Paul\AppData\Local\Programs\Microsoft VS Code\bin (key C:/Users/Paul/AppData/Local/Programs/Microsoft VS Code/bin, mtime 1660979961): 4 files, no impossibilities.
# C:\WINDOWS\System32\OpenSSH\: could not be stat'd.
# C:\Users\Paul\AppData\Roaming\npm (key C:/Users/Paul/AppData/Roaming/npm, mtime 1621582019): 2 files, no impossibilities.
# C:\Users\Paul\.dotnet\tools: could not be stat'd.
# C:\WINDOWS (key C:/WINDOWS, mtime 1660406053): 111 files, no impossibilities.
# C:\Program Files\JetBrains\PyCharm Community Edition 2021.1.1\bin (key C:/Program Files/JetBrains/PyCharm Community Edition 2021.1.1/bin, mtime 1621855247): 29 files, no impossibilities.
# C:\Python39\ (key C:/Python39/, mtime 1650176814): 18 files, no impossibilities.
# C:\adb (key C:/adb, mtime 1641468013): 6 files, no impossibilities.
# C:\Ruby30-x64\bin (key C:/Ruby30-x64/bin, mtime 1660998776): 57 files, no impossibilities.
# C:\Python39\Scripts\ (key C:/Python39/Scripts/, mtime 1650176814): 5 files, no impossibilities.
# C:\msys64\mingw64\bin (key C:/msys64/mingw64/bin, mtime 1631550011): 174 files, no impossibilities.
# C:\Program Files\Git\cmd (key C:/Program Files/Git/cmd, mtime 1660640284): 8 files, no impossibilities.
# C:\WINDOWS\system32 (key C:/WINDOWS/system32, mtime 1661211788): 3090 files, no impossibilities.
# C:\Users\Paul\AppData\Local\Microsoft\WindowsApps (key C:/Users/Paul/AppData/Local/Microsoft/WindowsApps, mtime 1643612443): 11 files, no impossibilities.
# C:\Program Files (x86)\Yarn\bin\ (key C:/Program Files (x86)/Yarn/bin/, mtime 1621856892): 7 files, no impossibilities.
# C:\Program Files (x86)\GnuWin32\bin (key C:/Program Files (x86)/GnuWin32/bin, mtime 1653309623): 5 files, no impossibilities.

# 4085 files, no impossibilities in 28 directories.

# Implicit Rules

# No implicit rules.

# Files

# Not a target:
all:
#  Command-line target.
#  Implicit rule search has not been done.
#  Modification time never checked.
#  File has not been updated.

# Not a target:
.DEFAULT:
#  Implicit rule search has not been done.
#  Modification time never checked.
#  File has not been updated.

# Not a target:
.SUFFIXES:
#  Implicit rule search has not been done.
#  Modification time never checked.
#  File has not been updated.

# Not a target:
C:\Users\Paul\Desktop\42kl\Cursus\Libft:
#  Implicit rule search has been done.
#  File does not exist.
#  File has not been updated.
# variable set hash-table stats:
# Load=0/32=0%, Rehash=0, Collisions=0/0=0%

# files hash-table stats:
# Load=4/1024=0%, Rehash=0, Collisions=0/15=0%
# VPATH Search Paths

# No `vpath' search paths.

# No general (`VPATH' variable) search path.

# # of strings in strcache: 1
# # of strcache buffers: 1
# strcache size: total = 4096 / max = 4096 / min = 4096 / avg = 4096
# strcache free: total = 4056 / max = 4056 / min = 4056 / avg = 4056

# Finished Make data base on Tue Aug 23 09:38:29 2022

 
